1650605248608	geckodriver	INFO	Listening on 127.0.0.1:61683
1650605248989	mozrunner::runner	INFO	Running command: "/Applications/Firefox.app/Contents/MacOS/firefox-bin" "--marionette" "--remote-debugging-port" "61684" "--remote-allow-hosts" "localhost" "-foreground" "-no-remote" "-profile" "/var/folders/lg/vx6rxtw54rn54kmbphrfhx180000gp/T/rust_mozprofileO76T2M"
1650605249572	Marionette	INFO	Marionette enabled
2022-04-21 22:27:30.326 firefox-bin[26139:8488303] Warning: Expected min height of view: (<NSButton: 0x12e6c8800>) to be less than or equal to 30 but got a height of 32.000000. This error will be logged once per view in violation.
2022-04-21 22:27:30.327 firefox-bin[26139:8488303] Warning: Expected min height of view: (<NSButton: 0x13bb64c00>) to be less than or equal to 30 but got a height of 32.000000. This error will be logged once per view in violation.
2022-04-21 22:27:30.327 firefox-bin[26139:8488303] Warning: Expected min height of view: (<NSButton: 0x13bb65000>) to be less than or equal to 30 but got a height of 32.000000. This error will be logged once per view in violation.
2022-04-21 22:27:30.328 firefox-bin[26139:8488303] Warning: Expected min height of view: (<NSButton: 0x13bb67400>) to be less than or equal to 30 but got a height of 32.000000. This error will be logged once per view in violation.
2022-04-21 22:27:30.328 firefox-bin[26139:8488303] Warning: Expected min height of view: (<NSButton: 0x13bb66800>) to be less than or equal to 30 but got a height of 32.000000. This error will be logged once per view in violation.
2022-04-21 22:27:30.329 firefox-bin[26139:8488303] Warning: Expected min height of view: (<NSPopoverTouchBarItemButton: 0x13bb71000>) to be less than or equal to 30 but got a height of 32.000000. This error will be logged once per view in violation.
2022-04-21 22:27:30.329 firefox-bin[26139:8488303] Warning: Expected min height of view: (<NSPopoverTouchBarItemButton: 0x13bbc4000>) to be less than or equal to 30 but got a height of 32.000000. This error will be logged once per view in violation.
console.warn: SearchSettings: "get: No settings file exists, new profile?" (new NotFoundError("Could not open the file at /var/folders/lg/vx6rxtw54rn54kmbphrfhx180000gp/T/rust_mozprofileO76T2M/search.json.mozlz4", (void 0)))
console.error: BackgroundUpdate: 
  _reasonsToNotScheduleUpdates: Failed to check for Maintenance Service Registry Key: [Exception... "Component returned failure code: 0x80004001 (NS_ERROR_NOT_IMPLEMENTED) [nsIUpdateProcessor.getServiceRegKeyExists]"  nsresult: "0x80004001 (NS_ERROR_NOT_IMPLEMENTED)"  location: "JS frame :: resource://gre/modules/BackgroundUpdate.jsm :: _reasonsToNotScheduleUpdates :: line 241"  data: no]
DevTools listening on ws://localhost:61684/devtools/browser/e76bcb2a-fc32-439f-8dde-8633fbbee0f5
1650605251604	Marionette	INFO	Listening on port 61725
Read port: 61725
1650605251680	RemoteAgent	WARN	TLS certificate errors will be ignored for this session
1650605762377	geckodriver	INFO	Listening on 127.0.0.1:63932
1650605762400	mozrunner::runner	INFO	Running command: "/Applications/Firefox.app/Contents/MacOS/firefox-bin" "--marionette" "--remote-debugging-port" "63933" "--remote-allow-hosts" "localhost" "-foreground" "-no-remote" "-profile" "/var/folders/lg/vx6rxtw54rn54kmbphrfhx180000gp/T/rust_mozprofilehCVPgd"
1650605762742	Marionette	INFO	Marionette enabled
2022-04-21 22:36:03.318 firefox-bin[26819:8496879] Warning: Expected min height of view: (<NSButton: 0x122c9dc00>) to be less than or equal to 30 but got a height of 32.000000. This error will be logged once per view in violation.
2022-04-21 22:36:03.319 firefox-bin[26819:8496879] Warning: Expected min height of view: (<NSButton: 0x1300e3c00>) to be less than or equal to 30 but got a height of 32.000000. This error will be logged once per view in violation.
2022-04-21 22:36:03.319 firefox-bin[26819:8496879] Warning: Expected min height of view: (<NSButton: 0x1300e0400>) to be less than or equal to 30 but got a height of 32.000000. This error will be logged once per view in violation.
2022-04-21 22:36:03.320 firefox-bin[26819:8496879] Warning: Expected min height of view: (<NSButton: 0x1300e2800>) to be less than or equal to 30 but got a height of 32.000000. This error will be logged once per view in violation.
2022-04-21 22:36:03.320 firefox-bin[26819:8496879] Warning: Expected min height of view: (<NSButton: 0x1300e3400>) to be less than or equal to 30 but got a height of 32.000000. This error will be logged once per view in violation.
2022-04-21 22:36:03.321 firefox-bin[26819:8496879] Warning: Expected min height of view: (<NSPopoverTouchBarItemButton: 0x1300e1000>) to be less than or equal to 30 but got a height of 32.000000. This error will be logged once per view in violation.
2022-04-21 22:36:03.321 firefox-bin[26819:8496879] Warning: Expected min height of view: (<NSPopoverTouchBarItemButton: 0x1256cfc00>) to be less than or equal to 30 but got a height of 32.000000. This error will be logged once per view in violation.
console.warn: SearchSettings: "get: No settings file exists, new profile?" (new NotFoundError("Could not open the file at /var/folders/lg/vx6rxtw54rn54kmbphrfhx180000gp/T/rust_mozprofilehCVPgd/search.json.mozlz4", (void 0)))
console.error: BackgroundUpdate: 
  _reasonsToNotScheduleUpdates: Failed to check for Maintenance Service Registry Key: [Exception... "Component returned failure code: 0x80004001 (NS_ERROR_NOT_IMPLEMENTED) [nsIUpdateProcessor.getServiceRegKeyExists]"  nsresult: "0x80004001 (NS_ERROR_NOT_IMPLEMENTED)"  location: "JS frame :: resource://gre/modules/BackgroundUpdate.jsm :: _reasonsToNotScheduleUpdates :: line 241"  data: no]
DevTools listening on ws://localhost:63933/devtools/browser/51572a90-0101-401d-a2d5-64f4e1f817d2
1650605764466	Marionette	INFO	Listening on port 63958
Read port: 63958
1650605764561	RemoteAgent	WARN	TLS certificate errors will be ignored for this session
2022-04-21 22:36:08.315 firefox-bin[26819:8496879] Warning: Expected min height of view: (<NSButton: 0x11c72c000>) to be less than or equal to 30 but got a height of 32.000000. This error will be logged once per view in violation.
2022-04-21 22:36:08.315 firefox-bin[26819:8496879] Warning: Expected min height of view: (<NSButton: 0x131530400>) to be less than or equal to 30 but got a height of 32.000000. This error will be logged once per view in violation.
2022-04-21 22:36:08.316 firefox-bin[26819:8496879] Warning: Expected min height of view: (<NSButton: 0x131530800>) to be less than or equal to 30 but got a height of 32.000000. This error will be logged once per view in violation.
2022-04-21 22:36:08.316 firefox-bin[26819:8496879] Warning: Expected min height of view: (<NSButton: 0x13152fc00>) to be less than or equal to 30 but got a height of 32.000000. This error will be logged once per view in violation.
2022-04-21 22:36:08.317 firefox-bin[26819:8496879] Warning: Expected min height of view: (<NSButton: 0x13152c400>) to be less than or equal to 30 but got a height of 32.000000. This error will be logged once per view in violation.
2022-04-21 22:36:08.318 firefox-bin[26819:8496879] Warning: Expected min height of view: (<NSPopoverTouchBarItemButton: 0x13152e400>) to be less than or equal to 30 but got a height of 32.000000. This error will be logged once per view in violation.
2022-04-21 22:36:08.318 firefox-bin[26819:8496879] Warning: Expected min height of view: (<NSPopoverTouchBarItemButton: 0x137146000>) to be less than or equal to 30 but got a height of 32.000000. This error will be logged once per view in violation.
1650605770247	Marionette	INFO	Stopped listening on port 63958
JavaScript error: chrome://remote/content/marionette/cert.js, line 55: NS_ERROR_NOT_AVAILABLE: Component returned failure code: 0x80040111 (NS_ERROR_NOT_AVAILABLE) [nsICertOverrideService.setDisableAllSecurityChecksAndLetAttackersInterceptMyData]

###!!! [Parent][PImageBridgeParent] Error: RunMessage(msgname=PImageBridge::Msg_WillClose) Channel closing: too late to send/recv, messages will be lost

1650605772270	Marionette	INFO	Stopped listening on port 61725
console.warn: TopSitesFeed: Failed to fetch data from Contile server: NetworkError when attempting to fetch resource.

###!!! [Parent][PImageBridgeParent] Error: RunMessage(msgname=PImageBridge::Msg_WillClose) Channel closing: too late to send/recv, messages will be lost

1650605779583	geckodriver	INFO	Listening on 127.0.0.1:64071
1650605779595	mozrunner::runner	INFO	Running command: "/Applications/Firefox.app/Contents/MacOS/firefox-bin" "--marionette" "--remote-debugging-port" "64072" "--remote-allow-hosts" "localhost" "-foreground" "-no-remote" "-profile" "/var/folders/lg/vx6rxtw54rn54kmbphrfhx180000gp/T/rust_mozprofileYjFPRa"
1650605779890	Marionette	INFO	Marionette enabled
2022-04-21 22:36:20.447 firefox-bin[26862:8497822] Warning: Expected min height of view: (<NSButton: 0x12cd87400>) to be less than or equal to 30 but got a height of 32.000000. This error will be logged once per view in violation.
2022-04-21 22:36:20.448 firefox-bin[26862:8497822] Warning: Expected min height of view: (<NSButton: 0x139ec6800>) to be less than or equal to 30 but got a height of 32.000000. This error will be logged once per view in violation.
2022-04-21 22:36:20.448 firefox-bin[26862:8497822] Warning: Expected min height of view: (<NSButton: 0x139ec9000>) to be less than or equal to 30 but got a height of 32.000000. This error will be logged once per view in violation.
2022-04-21 22:36:20.449 firefox-bin[26862:8497822] Warning: Expected min height of view: (<NSButton: 0x139ec8000>) to be less than or equal to 30 but got a height of 32.000000. This error will be logged once per view in violation.
2022-04-21 22:36:20.449 firefox-bin[26862:8497822] Warning: Expected min height of view: (<NSButton: 0x139ec6c00>) to be less than or equal to 30 but got a height of 32.000000. This error will be logged once per view in violation.
2022-04-21 22:36:20.450 firefox-bin[26862:8497822] Warning: Expected min height of view: (<NSPopoverTouchBarItemButton: 0x139ecb400>) to be less than or equal to 30 but got a height of 32.000000. This error will be logged once per view in violation.
2022-04-21 22:36:20.450 firefox-bin[26862:8497822] Warning: Expected min height of view: (<NSPopoverTouchBarItemButton: 0x139ed0000>) to be less than or equal to 30 but got a height of 32.000000. This error will be logged once per view in violation.
console.warn: SearchSettings: "get: No settings file exists, new profile?" (new NotFoundError("Could not open the file at /var/folders/lg/vx6rxtw54rn54kmbphrfhx180000gp/T/rust_mozprofileYjFPRa/search.json.mozlz4", (void 0)))
console.error: BackgroundUpdate: 
  _reasonsToNotScheduleUpdates: Failed to check for Maintenance Service Registry Key: [Exception... "Component returned failure code: 0x80004001 (NS_ERROR_NOT_IMPLEMENTED) [nsIUpdateProcessor.getServiceRegKeyExists]"  nsresult: "0x80004001 (NS_ERROR_NOT_IMPLEMENTED)"  location: "JS frame :: resource://gre/modules/BackgroundUpdate.jsm :: _reasonsToNotScheduleUpdates :: line 241"  data: no]
DevTools listening on ws://localhost:64072/devtools/browser/42d02edd-cba3-429b-bf7c-a461ef75f898
1650605781496	Marionette	INFO	Listening on port 64101
Read port: 64101
1650605781555	RemoteAgent	WARN	TLS certificate errors will be ignored for this session
Exiting due to channel error.
Exiting due to channel error.
Exiting due to channel error.
1650605790322	geckodriver	INFO	Listening on 127.0.0.1:64176
1650605790331	mozrunner::runner	INFO	Running command: "/Applications/Firefox.app/Contents/MacOS/firefox-bin" "--marionette" "--remote-debugging-port" "64177" "--remote-allow-hosts" "localhost" "-foreground" "-no-remote" "-profile" "/var/folders/lg/vx6rxtw54rn54kmbphrfhx180000gp/T/rust_mozprofilexbjKF4"
1650605790677	Marionette	INFO	Marionette enabled
2022-04-21 22:36:31.275 firefox-bin[26886:8498492] Warning: Expected min height of view: (<NSButton: 0x124182400>) to be less than or equal to 30 but got a height of 32.000000. This error will be logged once per view in violation.
2022-04-21 22:36:31.275 firefox-bin[26886:8498492] Warning: Expected min height of view: (<NSButton: 0x1314a4800>) to be less than or equal to 30 but got a height of 32.000000. This error will be logged once per view in violation.
2022-04-21 22:36:31.276 firefox-bin[26886:8498492] Warning: Expected min height of view: (<NSButton: 0x10e2e5800>) to be less than or equal to 30 but got a height of 32.000000. This error will be logged once per view in violation.
2022-04-21 22:36:31.276 firefox-bin[26886:8498492] Warning: Expected min height of view: (<NSButton: 0x1314a5800>) to be less than or equal to 30 but got a height of 32.000000. This error will be logged once per view in violation.
2022-04-21 22:36:31.277 firefox-bin[26886:8498492] Warning: Expected min height of view: (<NSButton: 0x1314a4c00>) to be less than or equal to 30 but got a height of 32.000000. This error will be logged once per view in violation.
2022-04-21 22:36:31.277 firefox-bin[26886:8498492] Warning: Expected min height of view: (<NSPopoverTouchBarItemButton: 0x1314a0400>) to be less than or equal to 30 but got a height of 32.000000. This error will be logged once per view in violation.
2022-04-21 22:36:31.278 firefox-bin[26886:8498492] Warning: Expected min height of view: (<NSPopoverTouchBarItemButton: 0x123fb5c00>) to be less than or equal to 30 but got a height of 32.000000. This error will be logged once per view in violation.
console.warn: SearchSettings: "get: No settings file exists, new profile?" (new NotFoundError("Could not open the file at /var/folders/lg/vx6rxtw54rn54kmbphrfhx180000gp/T/rust_mozprofilexbjKF4/search.json.mozlz4", (void 0)))
console.error: BackgroundUpdate: 
  _reasonsToNotScheduleUpdates: Failed to check for Maintenance Service Registry Key: [Exception... "Component returned failure code: 0x80004001 (NS_ERROR_NOT_IMPLEMENTED) [nsIUpdateProcessor.getServiceRegKeyExists]"  nsresult: "0x80004001 (NS_ERROR_NOT_IMPLEMENTED)"  location: "JS frame :: resource://gre/modules/BackgroundUpdate.jsm :: _reasonsToNotScheduleUpdates :: line 241"  data: no]
DevTools listening on ws://localhost:64177/devtools/browser/5e5e18a3-06c6-4106-912c-5272ecb1a7ce
1650605792177	Marionette	INFO	Listening on port 64200
Read port: 64200
1650605792198	RemoteAgent	WARN	TLS certificate errors will be ignored for this session
